<?xml version="1.0" encoding="UTF-8"?>
<!-- Generated by org.testng.reporters.JUnitReportReporter -->
<testsuite hostname="DESKTOP-LLLGMOJ" failures="0" tests="2" name="runner.TestRunner" time="25.480" errors="0" timestamp="2024-05-09T07:52:39 IST" skipped="0">
  <testcase classname="runner.TestRunner" name="runScenario" time="9.645"/>
  <system-out/>
  <testcase classname="runner.TestRunner" name="runScenario" time="15.835"/>
  <system-out/>
</testsuite> <!-- runner.TestRunner -->
