<?xml version="1.0" encoding="UTF-8"?>
<!-- Generated by org.testng.reporters.JUnitReportReporter -->
<testsuite hostname="DESKTOP-LLLGMOJ" failures="0" tests="3" name="testscripts.TestPIM" time="44.760" errors="0" timestamp="2024-04-29T08:18:14 IST" skipped="0">
  <testcase classname="testscripts.TestPIM" name="testPIM_Creation" time="22.312"/>
  <system-out/>
  <testcase classname="testscripts.TestPIM" name="testPIM_Update" time="5.147"/>
  <system-out/>
  <testcase classname="testscripts.TestPIM" name="testPIM_Delete" time="17.301"/>
  <system-out/>
</testsuite> <!-- testscripts.TestPIM -->
