<?xml version="1.0" encoding="UTF-8"?>
<!-- Generated by org.testng.reporters.JUnitReportReporter -->
<testsuite hostname="DESKTOP-LLLGMOJ" failures="0" tests="4" name="api.testcase.UserTests" time="9.310" errors="0" timestamp="2024-05-27T08:48:40 IST" skipped="0">
  <testcase classname="api.testcase.UserTests" name="testPostUser" time="4.645"/>
  <testcase classname="api.testcase.UserTests" name="testGetUser" time="1.186"/>
  <testcase classname="api.testcase.UserTests" name="testUpdateUser" time="2.361"/>
  <testcase classname="api.testcase.UserTests" name="testDeleteUser" time="1.118"/>
</testsuite> <!-- api.testcase.UserTests -->
