<?xml version="1.0" encoding="UTF-8"?>
<!-- Generated by org.testng.reporters.JUnitReportReporter -->
<testsuite hostname="DESKTOP-LLLGMOJ" failures="0" tests="1" name="day1.jsonexamples.Example2" time="0.033" errors="0" timestamp="2024-05-23T09:01:02 IST" skipped="0">
  <testcase classname="day1.jsonexamples.Example2" name="testJsonArrayCreation" time="0.033"/>
  <system-out/>
</testsuite> <!-- day1.jsonexamples.Example2 -->
