<?xml version="1.0" encoding="UTF-8"?>
<!-- Generated by org.testng.reporters.JUnitReportReporter -->
<testsuite hostname="DESKTOP-LLLGMOJ" failures="0" tests="1" name="day2.jsonfileops.ReadingJSON" time="0.029" errors="0" timestamp="2024-05-24T08:28:59 IST" skipped="0">
  <testcase classname="day2.jsonfileops.ReadingJSON" name="jsonFileDataReading" time="0.029"/>
  <system-out/>
</testsuite> <!-- day2.jsonfileops.ReadingJSON -->
