<?xml version="1.0" encoding="UTF-8"?>
<!-- Generated by org.testng.reporters.JUnitReportReporter -->
<testsuite hostname="DESKTOP-LLLGMOJ" failures="0" tests="1" name="day2.jsonfileops.CreatingJSON" time="188.935" errors="0" timestamp="2024-05-24T08:21:07 IST" skipped="0">
  <testcase classname="day2.jsonfileops.CreatingJSON" name="testCase" time="188.935"/>
  <system-out/>
</testsuite> <!-- day2.jsonfileops.CreatingJSON -->
