<?xml version="1.0" encoding="UTF-8"?>
<!-- Generated by org.testng.reporters.JUnitReportReporter -->
<testsuite hostname="DESKTOP-LLLGMOJ" failures="0" tests="1" name="day3.restassuedexamples.ApiOperations" time="3.734" errors="0" timestamp="2024-05-25T08:35:45 IST" skipped="0">
  <testcase classname="day3.restassuedexamples.ApiOperations" name="deleteOps" time="3.734"/>
  <system-out/>
</testsuite> <!-- day3.restassuedexamples.ApiOperations -->
