<?xml version="1.0" encoding="UTF-8"?>
<!-- Generated by org.testng.reporters.JUnitReportReporter -->
<testsuite hostname="DESKTOP-LLLGMOJ" failures="0" tests="1" name="day2.jsonfileops.Example1" time="0.022" errors="0" timestamp="2024-05-24T08:13:16 IST" skipped="0">
  <testcase classname="day2.jsonfileops.Example1" name="stringToJson" time="0.022"/>
  <system-out/>
</testsuite> <!-- day2.jsonfileops.Example1 -->
