<?xml version="1.0" encoding="UTF-8"?>
<!-- Generated by org.testng.reporters.JUnitReportReporter -->
<testsuite hostname="DESKTOP-LLLGMOJ" failures="0" tests="1" name="day2.jsonfileops.Example2" time="0.019" errors="0" timestamp="2024-05-24T07:43:19 IST" skipped="0">
  <testcase classname="day2.jsonfileops.Example2" name="jsonFileDataReading" time="0.019"/>
  <system-out/>
</testsuite> <!-- day2.jsonfileops.Example2 -->
