<?xml version="1.0" encoding="UTF-8"?>
<!-- Generated by org.testng.reporters.JUnitReportReporter -->
<testsuite hostname="DESKTOP-LLLGMOJ" failures="0" tests="1" name="day1.jsonexamples.Example1" time="0.019" errors="0" timestamp="2024-05-23T08:53:01 IST" skipped="0">
  <testcase classname="day1.jsonexamples.Example1" name="testJsonObjectCreationUsingMap" time="0.019"/>
  <system-out/>
</testsuite> <!-- day1.jsonexamples.Example1 -->
