<?xml version="1.0" encoding="UTF-8"?>
<!-- Generated by org.testng.reporters.JUnitReportReporter -->
<testsuite hostname="DESKTOP-LLLGMOJ" failures="0" tests="1" name="day2.jsonfileops.DataCreation" time="0.666" errors="0" timestamp="2024-05-24T08:59:37 IST" skipped="0">
  <testcase classname="day2.jsonfileops.DataCreation" name="testCase1" time="0.666"/>
  <system-out/>
</testsuite> <!-- day2.jsonfileops.DataCreation -->
