<?xml version="1.0" encoding="UTF-8"?>
<!-- Generated by org.testng.reporters.JUnitReportReporter -->
<testsuite hostname="DESKTOP-LLLGMOJ" failures="0" tests="2" name="runner.TestRunner" time="57.016" errors="0" timestamp="2024-05-10T08:37:59 IST" skipped="0">
  <testcase classname="runner.TestRunner" name="runScenario" time="36.099"/>
  <system-out/>
  <testcase classname="runner.TestRunner" name="runScenario" time="20.917"/>
  <system-out/>
</testsuite> <!-- runner.TestRunner -->
