<?xml version="1.0" encoding="UTF-8"?>
<!-- Generated by org.testng.reporters.JUnitReportReporter -->
<testsuite hostname="DESKTOP-LLLGMOJ" failures="0" tests="2" name="runner.TestRunner" time="22.332" errors="0" timestamp="2024-05-09T07:57:55 IST" skipped="0">
  <testcase classname="runner.TestRunner" name="runScenario" time="8.192"/>
  <system-out/>
  <testcase classname="runner.TestRunner" name="runScenario" time="14.140"/>
  <system-out/>
</testsuite> <!-- runner.TestRunner -->
